\BOOKMARK [0][-]{section*.1}{Resumen}{}% 1
\BOOKMARK [0][-]{section*.2}{Dedicatoria}{}% 2
\BOOKMARK [0][-]{section*.3}{Agradecimientos}{}% 3
\BOOKMARK [0][-]{chapter*.4}{\315ndice General}{}% 4
\BOOKMARK [0][-]{chapter*.5}{\315ndice de Figuras}{}% 5
\BOOKMARK [0][-]{chapter*.6}{\315ndice de Tablas}{}% 6
\BOOKMARK [0][-]{chapter.1}{Introducci\363n}{}% 7
\BOOKMARK [0][-]{chapter.2}{Marco Te\363rico}{}% 8
\BOOKMARK [1][-]{section.2.1}{Composici\363n Tipogr\341fica}{chapter.2}% 9
\BOOKMARK [1][-]{section.2.2}{Programaci\363n orientada a objetos}{chapter.2}% 10
\BOOKMARK [1][-]{section.2.3}{Lenguajes de Marcado}{chapter.2}% 11
\BOOKMARK [2][-]{subsection.2.3.1}{Lenguajes Ligeros de Marcado}{section.2.3}% 12
\BOOKMARK [1][-]{section.2.4}{Serializaci\363n de datos}{chapter.2}% 13
\BOOKMARK [1][-]{section.2.5}{Lenguajes de dominio espec\355fico}{chapter.2}% 14
\BOOKMARK [0][-]{chapter.3}{Marco Tecnol\363gico}{}% 15
\BOOKMARK [1][-]{section.3.1}{TeX/LaTeX}{chapter.3}% 16
\BOOKMARK [1][-]{section.3.2}{Ruby}{chapter.3}% 17
\BOOKMARK [1][-]{section.3.3}{Racc}{chapter.3}% 18
\BOOKMARK [1][-]{section.3.4}{Git}{chapter.3}% 19
\BOOKMARK [1][-]{section.3.5}{PDF}{chapter.3}% 20
\BOOKMARK [1][-]{section.3.6}{TeX Live}{chapter.3}% 21
\BOOKMARK [1][-]{section.3.7}{MiKTeX}{chapter.3}% 22
\BOOKMARK [1][-]{section.3.8}{Shell Script}{chapter.3}% 23
\BOOKMARK [0][-]{chapter.4}{Desarrollo}{}% 24
\BOOKMARK [1][-]{section.4.1}{OhTeX como un lenguaje embebido}{chapter.4}% 25
\BOOKMARK [1][-]{section.4.2}{Herramientas de composici\363n tipogr\341fica}{chapter.4}% 26
\BOOKMARK [1][-]{section.4.3}{Entrada y Salida}{chapter.4}% 27
\BOOKMARK [1][-]{section.4.4}{Clases e Instancias}{chapter.4}% 28
\BOOKMARK [2][-]{subsection.4.4.1}{Instancias}{section.4.4}% 29
\BOOKMARK [1][-]{section.4.5}{Inicializaci\363n y Asignaci\363n}{chapter.4}% 30
\BOOKMARK [1][-]{section.4.6}{Delimitadores y Secuenciaci\363n}{chapter.4}% 31
\BOOKMARK [1][-]{section.4.7}{Ejecuci\363n}{chapter.4}% 32
\BOOKMARK [1][-]{section.4.8}{Implementaci\363n}{chapter.4}% 33
\BOOKMARK [2][-]{subsection.4.8.1}{An\341lisis Lexicogr\341fico}{section.4.8}% 34
\BOOKMARK [2][-]{subsection.4.8.2}{An\341lisis Sint\341ctico}{section.4.8}% 35
\BOOKMARK [2][-]{subsection.4.8.3}{Librer\355as}{section.4.8}% 36
\BOOKMARK [0][-]{chapter.5}{OhTeX}{}% 37
\BOOKMARK [1][-]{section.5.1}{Estructura de un archivo OhTeX}{chapter.5}% 38
\BOOKMARK [1][-]{section.5.2}{Ejecuci\363n}{chapter.5}% 39
\BOOKMARK [2][-]{subsection.5.2.1}{L\355nea de comandos}{section.5.2}% 40
\BOOKMARK [1][-]{section.5.3}{Paquetes e Inclusiones}{chapter.5}% 41
\BOOKMARK [2][-]{subsection.5.3.1}{Paquetes}{section.5.3}% 42
\BOOKMARK [2][-]{subsection.5.3.2}{Inclusiones}{section.5.3}% 43
\BOOKMARK [1][-]{section.5.4}{Lexicograf\355a}{chapter.5}% 44
\BOOKMARK [2][-]{subsection.5.4.1}{Identificadores}{section.5.4}% 45
\BOOKMARK [2][-]{subsection.5.4.2}{Comentarios}{section.5.4}% 46
\BOOKMARK [2][-]{subsection.5.4.3}{Palabras reservadas}{section.5.4}% 47
\BOOKMARK [2][-]{subsection.5.4.4}{Expresiones}{section.5.4}% 48
\BOOKMARK [1][-]{section.5.5}{Variables y Literales}{chapter.5}% 49
\BOOKMARK [2][-]{subsection.5.5.1}{Variables globales}{section.5.5}% 50
\BOOKMARK [2][-]{subsection.5.5.2}{Variables locales}{section.5.5}% 51
\BOOKMARK [2][-]{subsection.5.5.3}{Variables de instancia}{section.5.5}% 52
\BOOKMARK [2][-]{subsection.5.5.4}{Variables de clase}{section.5.5}% 53
\BOOKMARK [2][-]{subsection.5.5.5}{Variables y constantes predefinidas}{section.5.5}% 54
\BOOKMARK [1][-]{section.5.6}{Formato de texto}{chapter.5}% 55
\BOOKMARK [2][-]{subsection.5.6.1}{Tama\361o de fuente}{section.5.6}% 56
\BOOKMARK [1][-]{section.5.7}{Familia de fuente}{chapter.5}% 57
\BOOKMARK [2][-]{subsection.5.7.1}{Cursiva}{section.5.7}% 58
\BOOKMARK [2][-]{subsection.5.7.2}{Negrita}{section.5.7}% 59
\BOOKMARK [1][-]{section.5.8}{Literales}{chapter.5}% 60
\BOOKMARK [2][-]{subsection.5.8.1}{N\372meros}{section.5.8}% 61
\BOOKMARK [2][-]{subsection.5.8.2}{Strings}{section.5.8}% 62
\BOOKMARK [2][-]{subsection.5.8.3}{Arreglos}{section.5.8}% 63
\BOOKMARK [2][-]{subsection.5.8.4}{Tablas de Hash}{section.5.8}% 64
\BOOKMARK [2][-]{subsection.5.8.5}{Rangos}{section.5.8}% 65
\BOOKMARK [2][-]{subsection.5.8.6}{Unidades de tama\361o y formato de texto}{section.5.8}% 66
\BOOKMARK [2][-]{subsection.5.8.7}{Verbatim}{section.5.8}% 67
\BOOKMARK [1][-]{section.5.9}{Operadores}{chapter.5}% 68
\BOOKMARK [2][-]{subsection.5.9.1}{Asignaci\363n}{section.5.9}% 69
\BOOKMARK [2][-]{subsection.5.9.2}{L\363gicos}{section.5.9}% 70
\BOOKMARK [1][-]{section.5.10}{Estructuras de Control}{chapter.5}% 71
\BOOKMARK [2][-]{subsection.5.10.1}{Condicionales}{section.5.10}% 72
\BOOKMARK [2][-]{subsection.5.10.2}{Bucles}{section.5.10}% 73
\BOOKMARK [1][-]{section.5.11}{Instrucciones}{chapter.5}% 74
\BOOKMARK [1][-]{section.5.12}{Clases}{chapter.5}% 75
\BOOKMARK [2][-]{subsection.5.12.1}{Definici\363n de clase}{section.5.12}% 76
\BOOKMARK [2][-]{subsection.5.12.2}{Atributos}{section.5.12}% 77
\BOOKMARK [2][-]{subsection.5.12.3}{Instanciaci\363n}{section.5.12}% 78
\BOOKMARK [2][-]{subsection.5.12.4}{Herencia}{section.5.12}% 79
\BOOKMARK [1][-]{section.5.13}{Estructuraci\363n del documento}{chapter.5}% 80
\BOOKMARK [0][-]{chapter.6}{Conclusiones y Recomendaciones}{}% 81
\BOOKMARK [0][-]{chapter*.14}{Glosario de t\351rminos}{}% 82
\BOOKMARK [0][-]{Apéndice.alph1.Alph1}{Ap\351ndice Ejemplo}{}% 83
\BOOKMARK [0][-]{lstnumber.-1.29}{Bibliograf\355a}{}% 84
